2025-06-28 18:37:06,345 [INFO] root: Logging initialized. Log file: output\app.log
2025-06-28 18:37:06,380 [INFO] main: Starting video processing...
2025-06-28 18:37:06,439 [DEBUG] main: Initializing Processor for the first frame.
2025-06-28 18:37:07,200 [DEBUG] VehicleTracker: VehicleTracker initialized.
2025-06-28 18:37:07,200 [DEBUG] VisualOdometry: VisualOdometry initialized.
2025-06-28 18:37:07,200 [DEBUG] FeatureExtractor: FeatureExtractor initialized.
2025-06-28 18:37:07,201 [DEBUG] Processor: Processor initialized.
2025-06-28 18:37:07,201 [DEBUG] Processor: Starting calculate_distance.
2025-06-28 18:37:07,387 [DEBUG] VisualOdometry: First frame processed in VisualOdometry.
2025-06-28 18:37:07,445 [DEBUG] FeatureExtractor: Feature extraction and overlay completed in 0.2440s.
2025-06-28 18:37:07,446 [DEBUG] Processor: Feature extraction completed in 0.2440s.
2025-06-28 18:37:07,447 [DEBUG] VehicleTracker: Tracking frame.
2025-06-28 18:37:10,746 [DEBUG] VehicleTracker: Inference completed in 3.2992s.
2025-06-28 18:37:10,747 [DEBUG] Processor: Object detection completed in 3.2992s.
2025-06-28 18:37:10,747 [DEBUG] VehicleTracker: Drawing bounding boxes. Inference time: 3.2992s
2025-06-28 18:37:10,749 [DEBUG] VehicleTracker: Objects detected: {'Car': 1}
2025-06-28 18:37:10,750 [DEBUG] Processor: Frame processed in 3.5492s (Total FPS: 0.28)
2025-06-28 18:37:10,750 [DEBUG] main: Frame 1 processed in 4.3125s
2025-06-28 18:37:10,865 [DEBUG] main: Processing frame 2
2025-06-28 18:37:10,865 [DEBUG] Processor: Starting calculate_distance.
2025-06-28 18:37:10,932 [DEBUG] VisualOdometry: Frame processed in 0.0375s with 100 matches.
2025-06-28 18:37:10,998 [DEBUG] FeatureExtractor: Feature extraction and overlay completed in 0.1325s.
2025-06-28 18:37:11,000 [DEBUG] Processor: Feature extraction completed in 0.1325s.
2025-06-28 18:37:11,000 [DEBUG] VehicleTracker: Tracking frame.
2025-06-28 18:37:11,053 [DEBUG] VehicleTracker: Inference completed in 0.0525s.
2025-06-28 18:37:11,054 [DEBUG] Processor: Object detection completed in 0.0525s.
2025-06-28 18:37:11,054 [DEBUG] VehicleTracker: Drawing bounding boxes. Inference time: 0.0525s
2025-06-28 18:37:11,056 [DEBUG] VehicleTracker: Objects detected: {'Car': 3}
2025-06-28 18:37:11,057 [DEBUG] Processor: Frame processed in 0.1911s (Total FPS: 5.23)
2025-06-28 18:37:11,057 [DEBUG] main: Frame 2 processed in 0.1921s
2025-06-28 18:37:11,094 [DEBUG] main: Processing frame 3
2025-06-28 18:37:11,094 [DEBUG] Processor: Starting calculate_distance.
2025-06-28 18:37:11,170 [DEBUG] VisualOdometry: Frame processed in 0.0380s with 100 matches.
2025-06-28 18:37:11,241 [DEBUG] FeatureExtractor: Feature extraction and overlay completed in 0.1476s.
2025-06-28 18:37:11,243 [DEBUG] Processor: Feature extraction completed in 0.1476s.
2025-06-28 18:37:11,243 [DEBUG] VehicleTracker: Tracking frame.
2025-06-28 18:37:11,265 [DEBUG] VehicleTracker: Inference completed in 0.0220s.
2025-06-28 18:37:11,265 [DEBUG] Processor: Object detection completed in 0.0220s.
2025-06-28 18:37:11,265 [DEBUG] VehicleTracker: Drawing bounding boxes. Inference time: 0.0220s
2025-06-28 18:37:11,267 [DEBUG] VehicleTracker: Objects detected: {'Car': 2}
2025-06-28 18:37:11,268 [DEBUG] Processor: Frame processed in 0.1746s (Total FPS: 5.73)
2025-06-28 18:37:11,270 [DEBUG] main: Frame 3 processed in 0.1766s
2025-06-28 18:37:11,295 [DEBUG] main: Processing frame 4
2025-06-28 18:37:11,295 [DEBUG] Processor: Starting calculate_distance.
2025-06-28 18:37:11,365 [DEBUG] VisualOdometry: Frame processed in 0.0380s with 100 matches.
2025-06-28 18:37:11,434 [DEBUG] FeatureExtractor: Feature extraction and overlay completed in 0.1370s.
2025-06-28 18:37:11,436 [DEBUG] Processor: Feature extraction completed in 0.1370s.
2025-06-28 18:37:11,436 [DEBUG] VehicleTracker: Tracking frame.
2025-06-28 18:37:11,458 [DEBUG] VehicleTracker: Inference completed in 0.0220s.
2025-06-28 18:37:11,458 [DEBUG] Processor: Object detection completed in 0.0220s.
2025-06-28 18:37:11,458 [DEBUG] VehicleTracker: Drawing bounding boxes. Inference time: 0.0220s
2025-06-28 18:37:11,460 [DEBUG] VehicleTracker: Objects detected: {'Car': 2}
2025-06-28 18:37:11,460 [DEBUG] Processor: Frame processed in 0.1641s (Total FPS: 6.10)
2025-06-28 18:37:11,461 [DEBUG] main: Frame 4 processed in 0.1650s
2025-06-28 18:37:11,485 [DEBUG] main: Processing frame 5
2025-06-28 18:37:11,486 [DEBUG] Processor: Starting calculate_distance.
2025-06-28 18:37:11,555 [DEBUG] VisualOdometry: Frame processed in 0.0345s with 100 matches.
2025-06-28 18:37:11,621 [DEBUG] FeatureExtractor: Feature extraction and overlay completed in 0.1351s.
2025-06-28 18:37:11,623 [DEBUG] Processor: Feature extraction completed in 0.1351s.
2025-06-28 18:37:11,623 [DEBUG] VehicleTracker: Tracking frame.
2025-06-28 18:37:11,643 [DEBUG] VehicleTracker: Inference completed in 0.0205s.
2025-06-28 18:37:11,644 [DEBUG] Processor: Object detection completed in 0.0205s.
2025-06-28 18:37:11,644 [DEBUG] VehicleTracker: Drawing bounding boxes. Inference time: 0.0205s
2025-06-28 18:37:11,645 [DEBUG] VehicleTracker: Objects detected: {'Car': 2}
2025-06-28 18:37:11,645 [DEBUG] Processor: Frame processed in 0.1596s (Total FPS: 6.27)
2025-06-28 18:37:11,646 [DEBUG] main: Frame 5 processed in 0.1616s
2025-06-28 18:37:11,672 [DEBUG] main: Processing frame 6
2025-06-28 18:37:11,673 [DEBUG] Processor: Starting calculate_distance.
2025-06-28 18:37:11,745 [DEBUG] VisualOdometry: Frame processed in 0.0355s with 100 matches.
2025-06-28 18:37:11,812 [DEBUG] FeatureExtractor: Feature extraction and overlay completed in 0.1385s.
2025-06-28 18:37:11,813 [DEBUG] Processor: Feature extraction completed in 0.1385s.
2025-06-28 18:37:11,813 [DEBUG] VehicleTracker: Tracking frame.
2025-06-28 18:37:11,839 [DEBUG] VehicleTracker: Inference completed in 0.0265s.
2025-06-28 18:37:11,839 [DEBUG] Processor: Object detection completed in 0.0265s.
2025-06-28 18:37:11,839 [DEBUG] VehicleTracker: Drawing bounding boxes. Inference time: 0.0265s
2025-06-28 18:37:11,841 [DEBUG] VehicleTracker: Objects detected: {'Car': 1}
2025-06-28 18:37:11,841 [DEBUG] Processor: Frame processed in 0.1680s (Total FPS: 5.95)
2025-06-28 18:37:11,842 [DEBUG] main: Frame 6 processed in 0.1700s
2025-06-28 18:37:11,878 [DEBUG] main: Processing frame 7
2025-06-28 18:37:11,879 [DEBUG] Processor: Starting calculate_distance.
2025-06-28 18:37:11,944 [DEBUG] VisualOdometry: Frame processed in 0.0345s with 100 matches.
2025-06-28 18:37:12,014 [DEBUG] FeatureExtractor: Feature extraction and overlay completed in 0.1345s.
2025-06-28 18:37:12,016 [DEBUG] Processor: Feature extraction completed in 0.1345s.
2025-06-28 18:37:12,016 [DEBUG] VehicleTracker: Tracking frame.
2025-06-28 18:37:12,036 [DEBUG] VehicleTracker: Inference completed in 0.0205s.
2025-06-28 18:37:12,037 [DEBUG] Processor: Object detection completed in 0.0205s.
2025-06-28 18:37:12,037 [DEBUG] VehicleTracker: Drawing bounding boxes. Inference time: 0.0205s
2025-06-28 18:37:12,038 [DEBUG] VehicleTracker: Objects detected: {'Car': 1}
2025-06-28 18:37:12,038 [DEBUG] Processor: Frame processed in 0.1591s (Total FPS: 6.29)
2025-06-28 18:37:12,040 [DEBUG] main: Frame 7 processed in 0.1621s
2025-06-28 18:37:12,065 [DEBUG] main: Processing frame 8
2025-06-28 18:37:12,066 [DEBUG] Processor: Starting calculate_distance.
2025-06-28 18:37:12,142 [DEBUG] VisualOdometry: Frame processed in 0.0370s with 100 matches.
2025-06-28 18:37:12,210 [DEBUG] FeatureExtractor: Feature extraction and overlay completed in 0.1440s.
2025-06-28 18:37:12,212 [DEBUG] Processor: Feature extraction completed in 0.1440s.
2025-06-28 18:37:12,213 [DEBUG] VehicleTracker: Tracking frame.
2025-06-28 18:37:12,235 [DEBUG] VehicleTracker: Inference completed in 0.0225s.
2025-06-28 18:37:12,235 [DEBUG] Processor: Object detection completed in 0.0225s.
2025-06-28 18:37:12,236 [DEBUG] VehicleTracker: Drawing bounding boxes. Inference time: 0.0225s
2025-06-28 18:37:12,237 [DEBUG] VehicleTracker: Objects detected: {'Car': 1}
2025-06-28 18:37:12,237 [DEBUG] Processor: Frame processed in 0.1706s (Total FPS: 5.86)
2025-06-28 18:37:12,239 [DEBUG] main: Frame 8 processed in 0.1736s
2025-06-28 18:37:12,270 [DEBUG] main: Processing frame 9
2025-06-28 18:37:12,270 [DEBUG] Processor: Starting calculate_distance.
2025-06-28 18:37:12,342 [DEBUG] VisualOdometry: Frame processed in 0.0375s with 100 matches.
2025-06-28 18:37:12,407 [DEBUG] FeatureExtractor: Feature extraction and overlay completed in 0.1375s.
2025-06-28 18:37:12,409 [DEBUG] Processor: Feature extraction completed in 0.1375s.
2025-06-28 18:37:12,409 [DEBUG] VehicleTracker: Tracking frame.
2025-06-28 18:37:12,431 [DEBUG] VehicleTracker: Inference completed in 0.0216s.
2025-06-28 18:37:12,432 [DEBUG] Processor: Object detection completed in 0.0216s.
2025-06-28 18:37:12,432 [DEBUG] VehicleTracker: Drawing bounding boxes. Inference time: 0.0216s
2025-06-28 18:37:12,433 [DEBUG] VehicleTracker: Objects detected: {'Car': 3}
2025-06-28 18:37:12,434 [DEBUG] Processor: Frame processed in 0.1631s (Total FPS: 6.13)
2025-06-28 18:37:12,435 [DEBUG] main: Frame 9 processed in 0.1651s
2025-06-28 18:37:12,461 [DEBUG] main: Processing frame 10
2025-06-28 18:37:12,462 [DEBUG] Processor: Starting calculate_distance.
2025-06-28 18:37:12,529 [DEBUG] VisualOdometry: Frame processed in 0.0365s with 100 matches.
2025-06-28 18:37:12,597 [DEBUG] FeatureExtractor: Feature extraction and overlay completed in 0.1345s.
2025-06-28 18:37:12,598 [DEBUG] Processor: Feature extraction completed in 0.1345s.
2025-06-28 18:37:12,600 [DEBUG] VehicleTracker: Tracking frame.
2025-06-28 18:37:12,622 [DEBUG] VehicleTracker: Inference completed in 0.0225s.
2025-06-28 18:37:12,623 [DEBUG] Processor: Object detection completed in 0.0225s.
2025-06-28 18:37:12,623 [DEBUG] VehicleTracker: Drawing bounding boxes. Inference time: 0.0225s
2025-06-28 18:37:12,626 [DEBUG] VehicleTracker: Objects detected: {'Car': 3}
2025-06-28 18:37:12,626 [DEBUG] Processor: Frame processed in 0.1646s (Total FPS: 6.08)
2025-06-28 18:37:12,628 [DEBUG] main: Frame 10 processed in 0.1676s
2025-06-28 18:37:12,661 [DEBUG] main: Processing frame 11
2025-06-28 18:37:12,662 [DEBUG] Processor: Starting calculate_distance.
2025-06-28 18:37:12,728 [DEBUG] VisualOdometry: Frame processed in 0.0361s with 100 matches.
2025-06-28 18:37:12,797 [DEBUG] FeatureExtractor: Feature extraction and overlay completed in 0.1341s.
2025-06-28 18:37:12,799 [DEBUG] Processor: Feature extraction completed in 0.1341s.
2025-06-28 18:37:12,800 [DEBUG] VehicleTracker: Tracking frame.
2025-06-28 18:37:12,821 [DEBUG] VehicleTracker: Inference completed in 0.0210s.
2025-06-28 18:37:12,822 [DEBUG] Processor: Object detection completed in 0.0210s.
2025-06-28 18:37:12,822 [DEBUG] VehicleTracker: Drawing bounding boxes. Inference time: 0.0210s
2025-06-28 18:37:12,823 [DEBUG] VehicleTracker: Objects detected: {'Car': 2}
2025-06-28 18:37:12,824 [DEBUG] Processor: Frame processed in 0.1601s (Total FPS: 6.25)
2025-06-28 18:37:12,825 [DEBUG] main: Frame 11 processed in 0.1631s
2025-06-28 18:37:12,851 [DEBUG] main: Processing frame 12
2025-06-28 18:37:12,852 [DEBUG] Processor: Starting calculate_distance.
2025-06-28 18:37:12,922 [DEBUG] VisualOdometry: Frame processed in 0.0360s with 100 matches.
2025-06-28 18:37:12,994 [DEBUG] FeatureExtractor: Feature extraction and overlay completed in 0.1416s.
2025-06-28 18:37:12,996 [DEBUG] Processor: Feature extraction completed in 0.1416s.
2025-06-28 18:37:12,997 [DEBUG] VehicleTracker: Tracking frame.
2025-06-28 18:37:13,020 [DEBUG] VehicleTracker: Inference completed in 0.0240s.
2025-06-28 18:37:13,020 [DEBUG] Processor: Object detection completed in 0.0240s.
2025-06-28 18:37:13,020 [DEBUG] VehicleTracker: Drawing bounding boxes. Inference time: 0.0240s
2025-06-28 18:37:13,022 [DEBUG] VehicleTracker: Objects detected: {'Car': 3}
2025-06-28 18:37:13,022 [DEBUG] Processor: Frame processed in 0.1696s (Total FPS: 5.90)
2025-06-28 18:37:13,024 [DEBUG] main: Frame 12 processed in 0.1726s
2025-06-28 18:37:13,053 [DEBUG] main: Processing frame 13
2025-06-28 18:37:13,054 [DEBUG] Processor: Starting calculate_distance.
2025-06-28 18:37:13,123 [DEBUG] VisualOdometry: Frame processed in 0.0372s with 100 matches.
2025-06-28 18:37:13,194 [DEBUG] FeatureExtractor: Feature extraction and overlay completed in 0.1397s.
2025-06-28 18:37:13,196 [DEBUG] Processor: Feature extraction completed in 0.1397s.
2025-06-28 18:37:13,197 [DEBUG] VehicleTracker: Tracking frame.
2025-06-28 18:37:13,225 [DEBUG] VehicleTracker: Inference completed in 0.0280s.
2025-06-28 18:37:13,226 [DEBUG] Processor: Object detection completed in 0.0280s.
2025-06-28 18:37:13,226 [DEBUG] VehicleTracker: Drawing bounding boxes. Inference time: 0.0280s
2025-06-28 18:37:13,227 [DEBUG] VehicleTracker: Objects detected: {'Car': 4}
2025-06-28 18:37:13,227 [DEBUG] Processor: Frame processed in 0.1732s (Total FPS: 5.77)
2025-06-28 18:37:13,229 [DEBUG] main: Frame 13 processed in 0.1762s
2025-06-28 18:37:13,256 [DEBUG] main: Processing frame 14
2025-06-28 18:37:13,257 [DEBUG] Processor: Starting calculate_distance.
2025-06-28 18:37:13,326 [DEBUG] VisualOdometry: Frame processed in 0.0360s with 100 matches.
2025-06-28 18:37:13,394 [DEBUG] FeatureExtractor: Feature extraction and overlay completed in 0.1365s.
2025-06-28 18:37:13,396 [DEBUG] Processor: Feature extraction completed in 0.1365s.
2025-06-28 18:37:13,397 [DEBUG] VehicleTracker: Tracking frame.
2025-06-28 18:37:13,418 [DEBUG] VehicleTracker: Inference completed in 0.0210s.
2025-06-28 18:37:13,418 [DEBUG] Processor: Object detection completed in 0.0210s.
2025-06-28 18:37:13,419 [DEBUG] VehicleTracker: Drawing bounding boxes. Inference time: 0.0210s
2025-06-28 18:37:13,420 [DEBUG] VehicleTracker: Objects detected: {'Car': 3}
2025-06-28 18:37:13,420 [DEBUG] Processor: Frame processed in 0.1625s (Total FPS: 6.15)
2025-06-28 18:37:13,421 [DEBUG] main: Frame 14 processed in 0.1645s
2025-06-28 18:37:13,459 [DEBUG] main: Processing frame 15
2025-06-28 18:37:13,460 [DEBUG] Processor: Starting calculate_distance.
2025-06-28 18:37:13,530 [DEBUG] VisualOdometry: Frame processed in 0.0375s with 100 matches.
2025-06-28 18:37:13,605 [DEBUG] FeatureExtractor: Feature extraction and overlay completed in 0.1445s.
2025-06-28 18:37:13,607 [DEBUG] Processor: Feature extraction completed in 0.1445s.
2025-06-28 18:37:13,608 [DEBUG] VehicleTracker: Tracking frame.
2025-06-28 18:37:13,636 [DEBUG] VehicleTracker: Inference completed in 0.0280s.
2025-06-28 18:37:13,636 [DEBUG] Processor: Object detection completed in 0.0280s.
2025-06-28 18:37:13,637 [DEBUG] VehicleTracker: Drawing bounding boxes. Inference time: 0.0280s
2025-06-28 18:37:13,638 [DEBUG] VehicleTracker: Objects detected: {'Car': 2, 'Person': 1}
2025-06-28 18:37:13,638 [DEBUG] Processor: Frame processed in 0.1776s (Total FPS: 5.63)
2025-06-28 18:37:13,639 [DEBUG] main: Frame 15 processed in 0.1796s
2025-06-28 18:37:13,663 [DEBUG] main: Processing frame 16
2025-06-28 18:37:13,663 [DEBUG] Processor: Starting calculate_distance.
2025-06-28 18:37:13,734 [DEBUG] VisualOdometry: Frame processed in 0.0365s with 100 matches.
2025-06-28 18:37:13,807 [DEBUG] FeatureExtractor: Feature extraction and overlay completed in 0.1445s.
2025-06-28 18:37:13,810 [DEBUG] Processor: Feature extraction completed in 0.1445s.
2025-06-28 18:37:13,810 [DEBUG] VehicleTracker: Tracking frame.
2025-06-28 18:37:13,834 [DEBUG] VehicleTracker: Inference completed in 0.0235s.
2025-06-28 18:37:13,835 [DEBUG] Processor: Object detection completed in 0.0235s.
2025-06-28 18:37:13,835 [DEBUG] VehicleTracker: Drawing bounding boxes. Inference time: 0.0235s
2025-06-28 18:37:13,837 [DEBUG] VehicleTracker: Objects detected: {'Car': 4}
2025-06-28 18:37:13,837 [DEBUG] Processor: Frame processed in 0.1741s (Total FPS: 5.74)
2025-06-28 18:37:13,839 [DEBUG] main: Frame 16 processed in 0.1761s
2025-06-28 18:37:13,869 [DEBUG] main: Processing frame 17
2025-06-28 18:37:13,869 [DEBUG] Processor: Starting calculate_distance.
2025-06-28 18:37:13,938 [DEBUG] VisualOdometry: Frame processed in 0.0365s with 100 matches.
2025-06-28 18:37:14,009 [DEBUG] FeatureExtractor: Feature extraction and overlay completed in 0.1395s.
2025-06-28 18:37:14,011 [DEBUG] Processor: Feature extraction completed in 0.1395s.
2025-06-28 18:37:14,012 [DEBUG] VehicleTracker: Tracking frame.
2025-06-28 18:37:14,035 [DEBUG] VehicleTracker: Inference completed in 0.0235s.
2025-06-28 18:37:14,035 [DEBUG] Processor: Object detection completed in 0.0235s.
2025-06-28 18:37:14,036 [DEBUG] VehicleTracker: Drawing bounding boxes. Inference time: 0.0235s
2025-06-28 18:37:14,037 [DEBUG] VehicleTracker: Objects detected: {'Car': 3}
2025-06-28 18:37:14,038 [DEBUG] Processor: Frame processed in 0.1690s (Total FPS: 5.92)
2025-06-28 18:37:14,039 [DEBUG] main: Frame 17 processed in 0.1700s
2025-06-28 18:37:14,072 [DEBUG] main: Processing frame 18
2025-06-28 18:37:14,072 [DEBUG] Processor: Starting calculate_distance.
2025-06-28 18:37:14,144 [DEBUG] VisualOdometry: Frame processed in 0.0360s with 100 matches.
2025-06-28 18:37:14,215 [DEBUG] FeatureExtractor: Feature extraction and overlay completed in 0.1420s.
2025-06-28 18:37:14,219 [DEBUG] Processor: Feature extraction completed in 0.1420s.
2025-06-28 18:37:14,219 [DEBUG] VehicleTracker: Tracking frame.
2025-06-28 18:37:14,241 [DEBUG] VehicleTracker: Inference completed in 0.0215s.
2025-06-28 18:37:14,242 [DEBUG] Processor: Object detection completed in 0.0215s.
2025-06-28 18:37:14,242 [DEBUG] VehicleTracker: Drawing bounding boxes. Inference time: 0.0215s
2025-06-28 18:37:14,243 [DEBUG] VehicleTracker: Objects detected: {'Car': 3}
2025-06-28 18:37:14,244 [DEBUG] Processor: Frame processed in 0.1715s (Total FPS: 5.83)
2025-06-28 18:37:14,246 [DEBUG] main: Frame 18 processed in 0.1735s
2025-06-28 18:37:14,279 [DEBUG] main: Processing frame 19
2025-06-28 18:37:14,280 [DEBUG] Processor: Starting calculate_distance.
2025-06-28 18:37:14,349 [DEBUG] VisualOdometry: Frame processed in 0.0385s with 100 matches.
2025-06-28 18:37:14,419 [DEBUG] FeatureExtractor: Feature extraction and overlay completed in 0.1385s.
2025-06-28 18:37:14,421 [DEBUG] Processor: Feature extraction completed in 0.1385s.
2025-06-28 18:37:14,422 [DEBUG] VehicleTracker: Tracking frame.
2025-06-28 18:37:14,446 [DEBUG] VehicleTracker: Inference completed in 0.0235s.
2025-06-28 18:37:14,446 [DEBUG] Processor: Object detection completed in 0.0235s.
2025-06-28 18:37:14,446 [DEBUG] VehicleTracker: Drawing bounding boxes. Inference time: 0.0235s
2025-06-28 18:37:14,448 [DEBUG] VehicleTracker: Objects detected: {'Car': 3}
2025-06-28 18:37:14,448 [DEBUG] Processor: Frame processed in 0.1681s (Total FPS: 5.95)
2025-06-28 18:37:14,449 [DEBUG] main: Frame 19 processed in 0.1701s
2025-06-28 18:37:14,480 [DEBUG] main: Processing frame 20
2025-06-28 18:37:14,481 [DEBUG] Processor: Starting calculate_distance.
2025-06-28 18:37:14,551 [DEBUG] VisualOdometry: Frame processed in 0.0375s with 100 matches.
2025-06-28 18:37:14,625 [DEBUG] FeatureExtractor: Feature extraction and overlay completed in 0.1441s.
2025-06-28 18:37:14,627 [DEBUG] Processor: Feature extraction completed in 0.1441s.
2025-06-28 18:37:14,628 [DEBUG] VehicleTracker: Tracking frame.
2025-06-28 18:37:14,655 [DEBUG] VehicleTracker: Inference completed in 0.0270s.
2025-06-28 18:37:14,655 [DEBUG] Processor: Object detection completed in 0.0270s.
2025-06-28 18:37:14,656 [DEBUG] VehicleTracker: Drawing bounding boxes. Inference time: 0.0270s
2025-06-28 18:37:14,658 [DEBUG] VehicleTracker: Objects detected: {'Car': 4}
2025-06-28 18:37:14,658 [DEBUG] Processor: Frame processed in 0.1786s (Total FPS: 5.60)
2025-06-28 18:37:14,660 [DEBUG] main: Frame 20 processed in 0.1806s
2025-06-28 18:37:14,701 [DEBUG] main: Processing frame 21
2025-06-28 18:37:14,701 [DEBUG] Processor: Starting calculate_distance.
2025-06-28 18:37:14,776 [DEBUG] VisualOdometry: Frame processed in 0.0380s with 100 matches.
2025-06-28 18:37:14,842 [DEBUG] FeatureExtractor: Feature extraction and overlay completed in 0.1400s.
2025-06-28 18:37:14,843 [DEBUG] Processor: Feature extraction completed in 0.1400s.
2025-06-28 18:37:14,844 [DEBUG] VehicleTracker: Tracking frame.
2025-06-28 18:37:14,865 [DEBUG] VehicleTracker: Inference completed in 0.0220s.
2025-06-28 18:37:14,866 [DEBUG] Processor: Object detection completed in 0.0220s.
2025-06-28 18:37:14,866 [DEBUG] VehicleTracker: Drawing bounding boxes. Inference time: 0.0220s
2025-06-28 18:37:14,868 [DEBUG] VehicleTracker: Objects detected: {'Car': 4, 'Unknown': 1}
2025-06-28 18:37:14,868 [DEBUG] Processor: Frame processed in 0.1670s (Total FPS: 5.99)
2025-06-28 18:37:14,870 [DEBUG] main: Frame 21 processed in 0.1690s
2025-06-28 18:37:14,900 [DEBUG] main: Processing frame 22
2025-06-28 18:37:14,901 [DEBUG] Processor: Starting calculate_distance.
2025-06-28 18:37:14,969 [DEBUG] VisualOdometry: Frame processed in 0.0360s with 100 matches.
2025-06-28 18:37:15,042 [DEBUG] FeatureExtractor: Feature extraction and overlay completed in 0.1411s.
2025-06-28 18:37:15,044 [DEBUG] Processor: Feature extraction completed in 0.1411s.
2025-06-28 18:37:15,045 [DEBUG] VehicleTracker: Tracking frame.
2025-06-28 18:37:15,069 [DEBUG] VehicleTracker: Inference completed in 0.0240s.
2025-06-28 18:37:15,070 [DEBUG] Processor: Object detection completed in 0.0240s.
2025-06-28 18:37:15,070 [DEBUG] VehicleTracker: Drawing bounding boxes. Inference time: 0.0240s
2025-06-28 18:37:15,072 [DEBUG] VehicleTracker: Objects detected: {'Car': 4}
2025-06-28 18:37:15,072 [DEBUG] Processor: Frame processed in 0.1711s (Total FPS: 5.85)
2025-06-28 18:37:15,074 [DEBUG] main: Frame 22 processed in 0.1741s
2025-06-28 18:37:15,106 [DEBUG] main: Processing frame 23
2025-06-28 18:37:15,106 [DEBUG] Processor: Starting calculate_distance.
2025-06-28 18:37:15,183 [DEBUG] VisualOdometry: Frame processed in 0.0380s with 100 matches.
2025-06-28 18:37:15,255 [DEBUG] FeatureExtractor: Feature extraction and overlay completed in 0.1473s.
2025-06-28 18:37:15,256 [DEBUG] Processor: Feature extraction completed in 0.1473s.
2025-06-28 18:37:15,258 [DEBUG] VehicleTracker: Tracking frame.
2025-06-28 18:37:15,281 [DEBUG] VehicleTracker: Inference completed in 0.0240s.
2025-06-28 18:37:15,281 [DEBUG] Processor: Object detection completed in 0.0240s.
2025-06-28 18:37:15,281 [DEBUG] VehicleTracker: Drawing bounding boxes. Inference time: 0.0240s
2025-06-28 18:37:15,283 [DEBUG] VehicleTracker: Objects detected: {'Car': 3}
2025-06-28 18:37:15,283 [DEBUG] Processor: Frame processed in 0.1763s (Total FPS: 5.67)
2025-06-28 18:37:15,285 [DEBUG] main: Frame 23 processed in 0.1783s
2025-06-28 18:37:15,311 [DEBUG] main: Processing frame 24
2025-06-28 18:37:15,312 [DEBUG] Processor: Starting calculate_distance.
2025-06-28 18:37:15,382 [DEBUG] VisualOdometry: Frame processed in 0.0380s with 100 matches.
2025-06-28 18:37:15,453 [DEBUG] FeatureExtractor: Feature extraction and overlay completed in 0.1411s.
2025-06-28 18:37:15,456 [DEBUG] Processor: Feature extraction completed in 0.1411s.
2025-06-28 18:37:15,456 [DEBUG] VehicleTracker: Tracking frame.
2025-06-28 18:37:15,480 [DEBUG] VehicleTracker: Inference completed in 0.0240s.
2025-06-28 18:37:15,481 [DEBUG] Processor: Object detection completed in 0.0240s.
2025-06-28 18:37:15,481 [DEBUG] VehicleTracker: Drawing bounding boxes. Inference time: 0.0240s
2025-06-28 18:37:15,483 [DEBUG] VehicleTracker: Objects detected: {'Car': 3}
2025-06-28 18:37:15,483 [DEBUG] Processor: Frame processed in 0.1710s (Total FPS: 5.85)
2025-06-28 18:37:15,485 [DEBUG] main: Frame 24 processed in 0.1741s
2025-06-28 18:37:15,515 [DEBUG] main: Processing frame 25
2025-06-28 18:37:15,516 [DEBUG] Processor: Starting calculate_distance.
2025-06-28 18:37:15,587 [DEBUG] VisualOdometry: Frame processed in 0.0380s with 100 matches.
2025-06-28 18:37:15,662 [DEBUG] FeatureExtractor: Feature extraction and overlay completed in 0.1463s.
2025-06-28 18:37:15,663 [DEBUG] Processor: Feature extraction completed in 0.1463s.
2025-06-28 18:37:15,663 [DEBUG] VehicleTracker: Tracking frame.
2025-06-28 18:37:15,687 [DEBUG] VehicleTracker: Inference completed in 0.0240s.
2025-06-28 18:37:15,687 [DEBUG] Processor: Object detection completed in 0.0240s.
2025-06-28 18:37:15,687 [DEBUG] VehicleTracker: Drawing bounding boxes. Inference time: 0.0240s
2025-06-28 18:37:15,690 [DEBUG] VehicleTracker: Objects detected: {'Car': 4, 'Unknown': 1}
2025-06-28 18:37:15,690 [DEBUG] Processor: Frame processed in 0.1753s (Total FPS: 5.70)
2025-06-28 18:37:15,691 [DEBUG] main: Frame 25 processed in 0.1763s
2025-06-28 18:37:15,719 [DEBUG] main: Processing frame 26
2025-06-28 18:37:15,720 [DEBUG] Processor: Starting calculate_distance.
2025-06-28 18:37:15,804 [DEBUG] VisualOdometry: Frame processed in 0.0420s with 100 matches.
2025-06-28 18:37:15,880 [DEBUG] FeatureExtractor: Feature extraction and overlay completed in 0.1600s.
2025-06-28 18:37:15,881 [DEBUG] Processor: Feature extraction completed in 0.1600s.
2025-06-28 18:37:15,882 [DEBUG] VehicleTracker: Tracking frame.
2025-06-28 18:37:15,907 [DEBUG] VehicleTracker: Inference completed in 0.0250s.
2025-06-28 18:37:15,908 [DEBUG] Processor: Object detection completed in 0.0250s.
2025-06-28 18:37:15,908 [DEBUG] VehicleTracker: Drawing bounding boxes. Inference time: 0.0250s
2025-06-28 18:37:15,910 [DEBUG] VehicleTracker: Objects detected: {'Car': 3}
2025-06-28 18:37:15,911 [DEBUG] Processor: Frame processed in 0.1900s (Total FPS: 5.26)
2025-06-28 18:37:15,915 [DEBUG] main: Frame 26 processed in 0.1960s
2025-06-28 18:37:15,955 [DEBUG] main: Processing frame 27
2025-06-28 18:37:15,955 [DEBUG] Processor: Starting calculate_distance.
2025-06-28 18:37:16,024 [DEBUG] VisualOdometry: Frame processed in 0.0350s with 100 matches.
2025-06-28 18:37:16,090 [DEBUG] FeatureExtractor: Feature extraction and overlay completed in 0.1356s.
2025-06-28 18:37:16,092 [DEBUG] Processor: Feature extraction completed in 0.1356s.
2025-06-28 18:37:16,092 [DEBUG] VehicleTracker: Tracking frame.
2025-06-28 18:37:16,116 [DEBUG] VehicleTracker: Inference completed in 0.0240s.
2025-06-28 18:37:16,117 [DEBUG] Processor: Object detection completed in 0.0240s.
2025-06-28 18:37:16,117 [DEBUG] VehicleTracker: Drawing bounding boxes. Inference time: 0.0240s
2025-06-28 18:37:16,118 [DEBUG] VehicleTracker: Objects detected: {'Car': 4, 'Unknown': 1}
2025-06-28 18:37:16,118 [DEBUG] Processor: Frame processed in 0.1636s (Total FPS: 6.11)
2025-06-28 18:37:16,120 [DEBUG] main: Frame 27 processed in 0.1656s
2025-06-28 18:37:16,158 [DEBUG] main: Processing frame 28
2025-06-28 18:37:16,160 [DEBUG] Processor: Starting calculate_distance.
2025-06-28 18:37:16,228 [DEBUG] VisualOdometry: Frame processed in 0.0371s with 100 matches.
2025-06-28 18:37:16,297 [DEBUG] FeatureExtractor: Feature extraction and overlay completed in 0.1366s.
2025-06-28 18:37:16,298 [DEBUG] Processor: Feature extraction completed in 0.1366s.
2025-06-28 18:37:16,299 [DEBUG] VehicleTracker: Tracking frame.
2025-06-28 18:37:16,322 [DEBUG] VehicleTracker: Inference completed in 0.0230s.
2025-06-28 18:37:16,323 [DEBUG] Processor: Object detection completed in 0.0230s.
2025-06-28 18:37:16,323 [DEBUG] VehicleTracker: Drawing bounding boxes. Inference time: 0.0230s
2025-06-28 18:37:16,324 [DEBUG] VehicleTracker: Objects detected: {'Car': 3}
2025-06-28 18:37:16,325 [DEBUG] Processor: Frame processed in 0.1646s (Total FPS: 6.08)
2025-06-28 18:37:16,326 [DEBUG] main: Frame 28 processed in 0.1686s
2025-06-28 18:37:16,330 [INFO] main: 'q' pressed. Exiting.
2025-06-28 18:37:16,331 [INFO] main: Processing complete!
2025-06-28 18:37:16,331 [INFO] main: Total frames: 28
2025-06-28 18:37:16,331 [INFO] main: Total time: 9.95s
2025-06-28 18:37:16,331 [INFO] main: Average FPS: 2.81
2025-06-28 18:37:16,331 [INFO] main: Processing FPS: 3.12
